# JRE version: OpenJDK Runtime Environment (8.0_242-b01) (build 1.8.0_242-release-1644-b01)
# Java VM: OpenJDK 64-Bit Server VM (25.242-b01 mixed mode windows-amd64 compressed oops)
Heap:
 PSYoungGen      total 465920K, used 60826K [0x00000000d5580000, 0x0000000100000000, 0x0000000100000000)
  eden space 232960K, 26% used [0x00000000d5580000,0x00000000d90e69f0,0x00000000e3900000)
  from space 232960K, 0% used [0x00000000e3900000,0x00000000e3900000,0x00000000f1c80000)
  to   space 232960K, 0% used [0x00000000f1c80000,0x00000000f1c80000,0x0000000100000000)
 ParOldGen       total 864256K, used 403642K [0x0000000080000000, 0x00000000b4c00000, 0x00000000d5580000)
  object space 864256K, 46% used [0x0000000080000000,0x0000000098a2e9f0,0x00000000b4c00000)
 Metaspace       used 132299K, capacity 142632K, committed 148504K, reserved 1179648K
  class space    used 15970K, capacity 17665K, committed 18480K, reserved 1048576K
GC Heap History (10 events):
Event: 29270.820 GC heap before
{Heap before GC invocations=284 (full 15):
 PSYoungGen      total 465920K, used 256961K [0x00000000d5580000, 0x0000000100000000, 0x0000000100000000)
  eden space 232960K, 100% used [0x00000000d5580000,0x00000000e3900000,0x00000000e3900000)
  from space 232960K, 10% used [0x00000000e3900000,0x00000000e50707b8,0x00000000f1c80000)
  to   space 232960K, 0% used [0x00000000f1c80000,0x00000000f1c80000,0x0000000100000000)
 ParOldGen       total 545280K, used 391692K [0x0000000080000000, 0x00000000a1480000, 0x00000000d5580000)
  object space 545280K, 71% used [0x0000000080000000,0x0000000097e830a0,0x00000000a1480000)
 Metaspace       used 132295K, capacity 142632K, committed 148504K, reserved 1179648K
  class space    used 15970K, capacity 17665K, committed 18480K, reserved 1048576K
Event: 29271.012 GC heap after
Heap after GC invocations=284 (full 15):
 PSYoungGen      total 465920K, used 13963K [0x00000000d5580000, 0x0000000100000000, 0x0000000100000000)
  eden space 232960K, 0% used [0x00000000d5580000,0x00000000d5580000,0x00000000e3900000)
  from space 232960K, 5% used [0x00000000f1c80000,0x00000000f2a22ce0,0x0000000100000000)
  to   space 232960K, 0% used [0x00000000e3900000,0x00000000e3900000,0x00000000f1c80000)
 ParOldGen       total 545280K, used 412059K [0x0000000080000000, 0x00000000a1480000, 0x00000000d5580000)
  object space 545280K, 75% used [0x0000000080000000,0x0000000099266ef0,0x00000000a1480000)
 Metaspace       used 132295K, capacity 142632K, committed 148504K, reserved 1179648K
  class space    used 15970K, capacity 17665K, committed 18480K, reserved 1048576K
}
Event: 29272.221 GC heap before
{Heap before GC invocations=285 (full 15):
 PSYoungGen      total 465920K, used 246923K [0x00000000d5580000, 0x0000000100000000, 0x0000000100000000)
  eden space 232960K, 100% used [0x00000000d5580000,0x00000000e3900000,0x00000000e3900000)
  from space 232960K, 5% used [0x00000000f1c80000,0x00000000f2a22ce0,0x0000000100000000)
  to   space 232960K, 0% used [0x00000000e3900000,0x00000000e3900000,0x00000000f1c80000)
 ParOldGen       total 545280K, used 412059K [0x0000000080000000, 0x00000000a1480000, 0x00000000d5580000)
  object space 545280K, 75% used [0x0000000080000000,0x0000000099266ef0,0x00000000a1480000)
 Metaspace       used 132298K, capacity 142632K, committed 148504K, reserved 1179648K
  class space    used 15970K, capacity 17665K, committed 18480K, reserved 1048576K
Event: 29272.253 GC heap after
Heap after GC invocations=285 (full 15):
 PSYoungGen      total 465920K, used 23990K [0x00000000d5580000, 0x0000000100000000, 0x0000000100000000)
  eden space 232960K, 0% used [0x00000000d5580000,0x00000000d5580000,0x00000000e3900000)
  from space 232960K, 10% used [0x00000000e3900000,0x00000000e506d918,0x00000000f1c80000)
  to   space 232960K, 0% used [0x00000000f1c80000,0x00000000f1c80000,0x0000000100000000)
 ParOldGen       total 545280K, used 420777K [0x0000000080000000, 0x00000000a1480000, 0x00000000d5580000)
  object space 545280K, 77% used [0x0000000080000000,0x0000000099aea580,0x00000000a1480000)
 Metaspace       used 132298K, capacity 142632K, committed 148504K, reserved 1179648K
  class space    used 15970K, capacity 17665K, committed 18480K, reserved 1048576K
}
Event: 29273.022 GC heap before
{Heap before GC invocations=286 (full 15):
 PSYoungGen      total 465920K, used 256950K [0x00000000d5580000, 0x0000000100000000, 0x0000000100000000)
  eden space 232960K, 100% used [0x00000000d5580000,0x00000000e3900000,0x00000000e3900000)
  from space 232960K, 10% used [0x00000000e3900000,0x00000000e506d918,0x00000000f1c80000)
  to   space 232960K, 0% used [0x00000000f1c80000,0x00000000f1c80000,0x0000000100000000)
 ParOldGen       total 545280K, used 420777K [0x0000000080000000, 0x00000000a1480000, 0x00000000d5580000)
  object space 545280K, 77% used [0x0000000080000000,0x0000000099aea580,0x00000000a1480000)
 Metaspace       used 132298K, capacity 142632K, committed 148504K, reserved 1179648K
  class space    used 15970K, capacity 17665K, committed 18480K, reserved 1048576K
Event: 29273.097 GC heap after
Heap after GC invocations=286 (full 15):
 PSYoungGen      total 465920K, used 58837K [0x00000000d5580000, 0x0000000100000000, 0x0000000100000000)
  eden space 232960K, 0% used [0x00000000d5580000,0x00000000d5580000,0x00000000e3900000)
  from space 232960K, 25% used [0x00000000f1c80000,0x00000000f55f5470,0x0000000100000000)
  to   space 232960K, 0% used [0x00000000e3900000,0x00000000e3900000,0x00000000f1c80000)
 ParOldGen       total 545280K, used 431568K [0x0000000080000000, 0x00000000a1480000, 0x00000000d5580000)
  object space 545280K, 79% used [0x0000000080000000,0x000000009a574068,0x00000000a1480000)
 Metaspace       used 132298K, capacity 142632K, committed 148504K, reserved 1179648K
  class space    used 15970K, capacity 17665K, committed 18480K, reserved 1048576K
}
Event: 29273.468 GC heap before
{Heap before GC invocations=287 (full 15):
 PSYoungGen      total 465920K, used 291797K [0x00000000d5580000, 0x0000000100000000, 0x0000000100000000)
  eden space 232960K, 100% used [0x00000000d5580000,0x00000000e3900000,0x00000000e3900000)
  from space 232960K, 25% used [0x00000000f1c80000,0x00000000f55f5470,0x0000000100000000)
  to   space 232960K, 0% used [0x00000000e3900000,0x00000000e3900000,0x00000000f1c80000)
 ParOldGen       total 545280K, used 431568K [0x0000000080000000, 0x00000000a1480000, 0x00000000d5580000)
  object space 545280K, 79% used [0x0000000080000000,0x000000009a574068,0x00000000a1480000)
 Metaspace       used 132298K, capacity 142632K, committed 148504K, reserved 1179648K
  class space    used 15970K, capacity 17665K, committed 18480K, reserved 1048576K
Event: 29273.595 GC heap after
Heap after GC invocations=287 (full 15):
 PSYoungGen      total 465920K, used 31597K [0x00000000d5580000, 0x0000000100000000, 0x0000000100000000)
  eden space 232960K, 0% used [0x00000000d5580000,0x00000000d5580000,0x00000000e3900000)
  from space 232960K, 13% used [0x00000000e3900000,0x00000000e57db648,0x00000000f1c80000)
  to   space 232960K, 0% used [0x00000000f1c80000,0x00000000f1c80000,0x0000000100000000)
 ParOldGen       total 545280K, used 486383K [0x0000000080000000, 0x00000000a1480000, 0x00000000d5580000)
  object space 545280K, 89% used [0x0000000080000000,0x000000009dafbdd0,0x00000000a1480000)
 Metaspace       used 132298K, capacity 142632K, committed 148504K, reserved 1179648K
  class space    used 15970K, capacity 17665K, committed 18480K, reserved 1048576K
}
Event: 29273.595 GC heap before
{Heap before GC invocations=288 (full 16):
 PSYoungGen      total 465920K, used 31597K [0x00000000d5580000, 0x0000000100000000, 0x0000000100000000)
  eden space 232960K, 0% used [0x00000000d5580000,0x00000000d5580000,0x00000000e3900000)
  from space 232960K, 13% used [0x00000000e3900000,0x00000000e57db648,0x00000000f1c80000)
  to   space 232960K, 0% used [0x00000000f1c80000,0x00000000f1c80000,0x0000000100000000)
 ParOldGen       total 545280K, used 486383K [0x0000000080000000, 0x00000000a1480000, 0x00000000d5580000)
  object space 545280K, 89% used [0x0000000080000000,0x000000009dafbdd0,0x00000000a1480000)
 Metaspace       used 132298K, capacity 142632K, committed 148504K, reserved 1179648K
  class space    used 15970K, capacity 17665K, committed 18480K, reserved 1048576K
Event: 29277.018 GC heap after
Heap after GC invocations=288 (full 16):
 PSYoungGen      total 465920K, used 0K [0x00000000d5580000, 0x0000000100000000, 0x0000000100000000)
  eden space 232960K, 0% used [0x00000000d5580000,0x00000000d5580000,0x00000000e3900000)
  from space 232960K, 0% used [0x00000000e3900000,0x00000000e3900000,0x00000000f1c80000)
  to   space 232960K, 0% used [0x00000000f1c80000,0x00000000f1c80000,0x0000000100000000)
 ParOldGen       total 864256K, used 403642K [0x0000000080000000, 0x00000000b4c00000, 0x00000000d5580000)
  object space 864256K, 46% used [0x0000000080000000,0x0000000098a2e9f0,0x00000000b4c00000)
 Metaspace       used 132298K, capacity 142632K, committed 148504K, reserved 1179648K
  class space    used 15970K, capacity 17665K, committed 18480K, reserved 1048576K
}

