# JRE version: OpenJDK Runtime Environment (8.0_242-b01) (build 1.8.0_242-release-1644-b01)
# Java VM: OpenJDK 64-Bit Server VM (25.242-b01 mixed mode windows-amd64 compressed oops)
Heap:
 PSYoungGen      total 466432K, used 27855K [0x00000000d5580000, 0x0000000100000000, 0x0000000100000000)
  eden space 237568K, 0% used [0x00000000d5580000,0x00000000d5580000,0x00000000e3d80000)
  from space 228864K, 12% used [0x00000000f1880000,0x00000000f33b3e08,0x00000000ff800000)
  to   space 224256K, 0% used [0x00000000e3d80000,0x00000000e3d80000,0x00000000f1880000)
 ParOldGen       total 617472K, used 522701K [0x0000000080000000, 0x00000000a5b00000, 0x00000000d5580000)
  object space 617472K, 84% used [0x0000000080000000,0x000000009fe736c0,0x00000000a5b00000)
 Metaspace       used 118810K, capacity 125550K, committed 125848K, reserved 1159168K
  class space    used 14726K, capacity 15960K, committed 16048K, reserved 1048576K
GC Heap History (10 events):
Event: 354.939 GC heap after
Heap after GC invocations=41 (full 5):
 PSYoungGen      total 461312K, used 158775K [0x00000000d5580000, 0x0000000100000000, 0x0000000100000000)
  eden space 232960K, 0% used [0x00000000d5580000,0x00000000d5580000,0x00000000e3900000)
  from space 228352K, 69% used [0x00000000f2100000,0x00000000fbc0df88,0x0000000100000000)
  to   space 232960K, 0% used [0x00000000e3900000,0x00000000e3900000,0x00000000f1c80000)
 ParOldGen       total 617472K, used 338810K [0x0000000080000000, 0x00000000a5b00000, 0x00000000d5580000)
  object space 617472K, 54% used [0x0000000080000000,0x0000000094adeb50,0x00000000a5b00000)
 Metaspace       used 116523K, capacity 122936K, committed 123288K, reserved 1157120K
  class space    used 14523K, capacity 15679K, committed 15792K, reserved 1048576K
}
Event: 356.307 GC heap before
{Heap before GC invocations=42 (full 5):
 PSYoungGen      total 461312K, used 391735K [0x00000000d5580000, 0x0000000100000000, 0x0000000100000000)
  eden space 232960K, 100% used [0x00000000d5580000,0x00000000e3900000,0x00000000e3900000)
  from space 228352K, 69% used [0x00000000f2100000,0x00000000fbc0df88,0x0000000100000000)
  to   space 232960K, 0% used [0x00000000e3900000,0x00000000e3900000,0x00000000f1c80000)
 ParOldGen       total 617472K, used 338810K [0x0000000080000000, 0x00000000a5b00000, 0x00000000d5580000)
  object space 617472K, 54% used [0x0000000080000000,0x0000000094adeb50,0x00000000a5b00000)
 Metaspace       used 116551K, capacity 123032K, committed 123288K, reserved 1157120K
  class space    used 14525K, capacity 15711K, committed 15792K, reserved 1048576K
Event: 356.616 GC heap after
Heap after GC invocations=42 (full 5):
 PSYoungGen      total 465920K, used 89713K [0x00000000d5580000, 0x0000000100000000, 0x0000000100000000)
  eden space 232960K, 0% used [0x00000000d5580000,0x00000000d5580000,0x00000000e3900000)
  from space 232960K, 38% used [0x00000000e3900000,0x00000000e909c708,0x00000000f1c80000)
  to   space 232960K, 0% used [0x00000000f1c80000,0x00000000f1c80000,0x0000000100000000)
 ParOldGen       total 617472K, used 427327K [0x0000000080000000, 0x00000000a5b00000, 0x00000000d5580000)
  object space 617472K, 69% used [0x0000000080000000,0x000000009a14fef0,0x00000000a5b00000)
 Metaspace       used 116551K, capacity 123032K, committed 123288K, reserved 1157120K
  class space    used 14525K, capacity 15711K, committed 15792K, reserved 1048576K
}
Event: 359.329 GC heap before
{Heap before GC invocations=43 (full 5):
 PSYoungGen      total 465920K, used 322673K [0x00000000d5580000, 0x0000000100000000, 0x0000000100000000)
  eden space 232960K, 100% used [0x00000000d5580000,0x00000000e3900000,0x00000000e3900000)
  from space 232960K, 38% used [0x00000000e3900000,0x00000000e909c708,0x00000000f1c80000)
  to   space 232960K, 0% used [0x00000000f1c80000,0x00000000f1c80000,0x0000000100000000)
 ParOldGen       total 617472K, used 427327K [0x0000000080000000, 0x00000000a5b00000, 0x00000000d5580000)
  object space 617472K, 69% used [0x0000000080000000,0x000000009a14fef0,0x00000000a5b00000)
 Metaspace       used 118345K, capacity 124926K, committed 124952K, reserved 1159168K
  class space    used 14685K, capacity 15904K, committed 15920K, reserved 1048576K
Event: 359.478 GC heap after
Heap after GC invocations=43 (full 5):
 PSYoungGen      total 465920K, used 39312K [0x00000000d5580000, 0x0000000100000000, 0x0000000100000000)
  eden space 232960K, 0% used [0x00000000d5580000,0x00000000d5580000,0x00000000e3900000)
  from space 232960K, 16% used [0x00000000f1c80000,0x00000000f42e4228,0x0000000100000000)
  to   space 232960K, 0% used [0x00000000e3900000,0x00000000e3900000,0x00000000f1c80000)
 ParOldGen       total 617472K, used 491812K [0x0000000080000000, 0x00000000a5b00000, 0x00000000d5580000)
  object space 617472K, 79% used [0x0000000080000000,0x000000009e049200,0x00000000a5b00000)
 Metaspace       used 118345K, capacity 124926K, committed 124952K, reserved 1159168K
  class space    used 14685K, capacity 15904K, committed 15920K, reserved 1048576K
}
Event: 361.779 GC heap before
{Heap before GC invocations=44 (full 5):
 PSYoungGen      total 465920K, used 272272K [0x00000000d5580000, 0x0000000100000000, 0x0000000100000000)
  eden space 232960K, 100% used [0x00000000d5580000,0x00000000e3900000,0x00000000e3900000)
  from space 232960K, 16% used [0x00000000f1c80000,0x00000000f42e4228,0x0000000100000000)
  to   space 232960K, 0% used [0x00000000e3900000,0x00000000e3900000,0x00000000f1c80000)
 ParOldGen       total 617472K, used 491812K [0x0000000080000000, 0x00000000a5b00000, 0x00000000d5580000)
  object space 617472K, 79% used [0x0000000080000000,0x000000009e049200,0x00000000a5b00000)
 Metaspace       used 118714K, capacity 125446K, committed 125592K, reserved 1159168K
  class space    used 14721K, capacity 15954K, committed 16048K, reserved 1048576K
Event: 361.860 GC heap after
Heap after GC invocations=44 (full 5):
 PSYoungGen      total 281088K, used 47651K [0x00000000d5580000, 0x00000000ff800000, 0x0000000100000000)
  eden space 232960K, 0% used [0x00000000d5580000,0x00000000d5580000,0x00000000e3900000)
  from space 48128K, 99% used [0x00000000e3900000,0x00000000e6788d08,0x00000000e6800000)
  to   space 228864K, 0% used [0x00000000f1880000,0x00000000f1880000,0x00000000ff800000)
 ParOldGen       total 617472K, used 494222K [0x0000000080000000, 0x00000000a5b00000, 0x00000000d5580000)
  object space 617472K, 80% used [0x0000000080000000,0x000000009e2a38f0,0x00000000a5b00000)
 Metaspace       used 118714K, capacity 125446K, committed 125592K, reserved 1159168K
  class space    used 14721K, capacity 15954K, committed 16048K, reserved 1048576K
}
Event: 363.382 GC heap before
{Heap before GC invocations=45 (full 5):
 PSYoungGen      total 281088K, used 280611K [0x00000000d5580000, 0x00000000ff800000, 0x0000000100000000)
  eden space 232960K, 100% used [0x00000000d5580000,0x00000000e3900000,0x00000000e3900000)
  from space 48128K, 99% used [0x00000000e3900000,0x00000000e6788d08,0x00000000e6800000)
  to   space 228864K, 0% used [0x00000000f1880000,0x00000000f1880000,0x00000000ff800000)
 ParOldGen       total 617472K, used 494222K [0x0000000080000000, 0x00000000a5b00000, 0x00000000d5580000)
  object space 617472K, 80% used [0x0000000080000000,0x000000009e2a38f0,0x00000000a5b00000)
 Metaspace       used 118810K, capacity 125550K, committed 125848K, reserved 1159168K
  class space    used 14726K, capacity 15960K, committed 16048K, reserved 1048576K
Event: 363.492 GC heap after
Heap after GC invocations=45 (full 5):
 PSYoungGen      total 466432K, used 27855K [0x00000000d5580000, 0x0000000100000000, 0x0000000100000000)
  eden space 237568K, 0% used [0x00000000d5580000,0x00000000d5580000,0x00000000e3d80000)
  from space 228864K, 12% used [0x00000000f1880000,0x00000000f33b3e08,0x00000000ff800000)
  to   space 224256K, 0% used [0x00000000e3d80000,0x00000000e3d80000,0x00000000f1880000)
 ParOldGen       total 617472K, used 522701K [0x0000000080000000, 0x00000000a5b00000, 0x00000000d5580000)
  object space 617472K, 84% used [0x0000000080000000,0x000000009fe736c0,0x00000000a5b00000)
 Metaspace       used 118810K, capacity 125550K, committed 125848K, reserved 1159168K
  class space    used 14726K, capacity 15960K, committed 16048K, reserved 1048576K
}
Event: 363.492 GC heap before
{Heap before GC invocations=46 (full 6):
 PSYoungGen      total 466432K, used 27855K [0x00000000d5580000, 0x0000000100000000, 0x0000000100000000)
  eden space 237568K, 0% used [0x00000000d5580000,0x00000000d5580000,0x00000000e3d80000)
  from space 228864K, 12% used [0x00000000f1880000,0x00000000f33b3e08,0x00000000ff800000)
  to   space 224256K, 0% used [0x00000000e3d80000,0x00000000e3d80000,0x00000000f1880000)
 ParOldGen       total 617472K, used 522701K [0x0000000080000000, 0x00000000a5b00000, 0x00000000d5580000)
  object space 617472K, 84% used [0x0000000080000000,0x000000009fe736c0,0x00000000a5b00000)
 Metaspace       used 118810K, capacity 125550K, committed 125848K, reserved 1159168K
  class space    used 14726K, capacity 15960K, committed 16048K, reserved 1048576K

